2020-03-23 20:13:53 [main] INFO  c.i.quickspringboot.QuickSpringbootApplication - Starting QuickSpringbootApplication on DESKTOP-9KUGMOC with PID 15732 (C:\source\github\quick-springboot\target\classes started by xiadong in C:\source\github\quick-springboot)
2020-03-23 20:13:53 [main] INFO  c.i.quickspringboot.QuickSpringbootApplication - No active profile set, falling back to default profiles: default
2020-03-23 20:13:55 [main] INFO  o.s.boot.web.embedded.tomcat.TomcatWebServer - Tomcat initialized with port(s): 8080 (http)
2020-03-23 20:13:55 [main] INFO  org.apache.coyote.http11.Http11NioProtocol - Initializing ProtocolHandler ["http-nio-8080"]
2020-03-23 20:13:55 [main] INFO  org.apache.catalina.core.StandardService - Starting service [Tomcat]
2020-03-23 20:13:55 [main] INFO  org.apache.catalina.core.StandardEngine - Starting Servlet engine: [Apache Tomcat/9.0.31]
2020-03-23 20:13:55 [main] INFO  o.a.c.core.ContainerBase.[Tomcat].[localhost].[/] - Initializing Spring embedded WebApplicationContext
2020-03-23 20:13:55 [main] INFO  org.springframework.web.context.ContextLoader - Root WebApplicationContext: initialization completed in 1803 ms
2020-03-23 20:13:55 [main] INFO  o.s.scheduling.concurrent.ThreadPoolTaskExecutor - Initializing ExecutorService 'applicationTaskExecutor'
2020-03-23 20:13:55 [main] INFO  org.apache.coyote.http11.Http11NioProtocol - Starting ProtocolHandler ["http-nio-8080"]
2020-03-23 20:13:55 [main] INFO  o.s.boot.web.embedded.tomcat.TomcatWebServer - Tomcat started on port(s): 8080 (http) with context path ''
2020-03-23 20:13:55 [main] INFO  c.i.quickspringboot.QuickSpringbootApplication - Started QuickSpringbootApplication in 3.521 seconds (JVM running for 6.498)
2020-03-23 20:14:04 [http-nio-8080-exec-1] INFO  o.a.c.core.ContainerBase.[Tomcat].[localhost].[/] - Initializing Spring DispatcherServlet 'dispatcherServlet'
2020-03-23 20:14:04 [http-nio-8080-exec-1] INFO  org.springframework.web.servlet.DispatcherServlet - Initializing Servlet 'dispatcherServlet'
2020-03-23 20:14:04 [http-nio-8080-exec-1] INFO  org.springframework.web.servlet.DispatcherServlet - Completed initialization in 6 ms
2020-03-23 20:17:04 [Thread-7] INFO  o.s.scheduling.concurrent.ThreadPoolTaskExecutor - Shutting down ExecutorService 'applicationTaskExecutor'
2020-03-23 20:24:52 [main] INFO  c.i.quickspringboot.QuickSpringbootApplication - Starting QuickSpringbootApplication on DESKTOP-9KUGMOC with PID 13340 (C:\source\github\quick-springboot\target\classes started by xiadong in C:\source\github\quick-springboot)
2020-03-23 20:24:52 [main] INFO  c.i.quickspringboot.QuickSpringbootApplication - No active profile set, falling back to default profiles: default
2020-03-23 20:24:54 [main] INFO  o.s.boot.web.embedded.tomcat.TomcatWebServer - Tomcat initialized with port(s): 8080 (http)
2020-03-23 20:24:54 [main] INFO  org.apache.coyote.http11.Http11NioProtocol - Initializing ProtocolHandler ["http-nio-8080"]
2020-03-23 20:24:54 [main] INFO  org.apache.catalina.core.StandardService - Starting service [Tomcat]
2020-03-23 20:24:54 [main] INFO  org.apache.catalina.core.StandardEngine - Starting Servlet engine: [Apache Tomcat/9.0.31]
2020-03-23 20:24:54 [main] INFO  o.a.c.core.ContainerBase.[Tomcat].[localhost].[/] - Initializing Spring embedded WebApplicationContext
2020-03-23 20:24:54 [main] INFO  org.springframework.web.context.ContextLoader - Root WebApplicationContext: initialization completed in 1857 ms
2020-03-23 20:24:55 [main] INFO  o.s.scheduling.concurrent.ThreadPoolTaskExecutor - Initializing ExecutorService 'applicationTaskExecutor'
2020-03-23 20:24:55 [main] INFO  org.apache.coyote.http11.Http11NioProtocol - Starting ProtocolHandler ["http-nio-8080"]
2020-03-23 20:24:55 [main] INFO  o.s.boot.web.embedded.tomcat.TomcatWebServer - Tomcat started on port(s): 8080 (http) with context path ''
2020-03-23 20:24:55 [main] INFO  c.i.quickspringboot.QuickSpringbootApplication - Started QuickSpringbootApplication in 3.695 seconds (JVM running for 6.146)
2020-03-23 20:27:41 [http-nio-8080-exec-1] INFO  o.a.c.core.ContainerBase.[Tomcat].[localhost].[/] - Initializing Spring DispatcherServlet 'dispatcherServlet'
2020-03-23 20:27:41 [http-nio-8080-exec-1] INFO  org.springframework.web.servlet.DispatcherServlet - Initializing Servlet 'dispatcherServlet'
2020-03-23 20:27:41 [http-nio-8080-exec-1] INFO  org.springframework.web.servlet.DispatcherServlet - Completed initialization in 7 ms
2020-03-23 20:29:57 [Thread-7] INFO  o.s.scheduling.concurrent.ThreadPoolTaskExecutor - Shutting down ExecutorService 'applicationTaskExecutor'
2020-03-23 20:30:06 [main] INFO  c.i.quickspringboot.QuickSpringbootApplication - Starting QuickSpringbootApplication on DESKTOP-9KUGMOC with PID 18840 (C:\source\github\quick-springboot\target\classes started by xiadong in C:\source\github\quick-springboot)
2020-03-23 20:30:06 [main] INFO  c.i.quickspringboot.QuickSpringbootApplication - No active profile set, falling back to default profiles: default
2020-03-23 20:30:08 [main] INFO  o.s.boot.web.embedded.tomcat.TomcatWebServer - Tomcat initialized with port(s): 8080 (http)
2020-03-23 20:30:08 [main] INFO  org.apache.coyote.http11.Http11NioProtocol - Initializing ProtocolHandler ["http-nio-8080"]
2020-03-23 20:30:08 [main] INFO  org.apache.catalina.core.StandardService - Starting service [Tomcat]
2020-03-23 20:30:08 [main] INFO  org.apache.catalina.core.StandardEngine - Starting Servlet engine: [Apache Tomcat/9.0.31]
2020-03-23 20:30:08 [main] INFO  o.a.c.core.ContainerBase.[Tomcat].[localhost].[/] - Initializing Spring embedded WebApplicationContext
2020-03-23 20:30:08 [main] INFO  org.springframework.web.context.ContextLoader - Root WebApplicationContext: initialization completed in 2602 ms
2020-03-23 20:30:09 [main] INFO  o.s.scheduling.concurrent.ThreadPoolTaskExecutor - Initializing ExecutorService 'applicationTaskExecutor'
2020-03-23 20:30:09 [main] INFO  org.apache.coyote.http11.Http11NioProtocol - Starting ProtocolHandler ["http-nio-8080"]
2020-03-23 20:30:10 [main] INFO  o.s.boot.web.embedded.tomcat.TomcatWebServer - Tomcat started on port(s): 8080 (http) with context path ''
2020-03-23 20:30:10 [main] INFO  c.i.quickspringboot.QuickSpringbootApplication - Started QuickSpringbootApplication in 5.026 seconds (JVM running for 7.941)
2020-03-23 20:30:33 [http-nio-8080-exec-2] INFO  o.a.c.core.ContainerBase.[Tomcat].[localhost].[/] - Initializing Spring DispatcherServlet 'dispatcherServlet'
2020-03-23 20:30:33 [http-nio-8080-exec-2] INFO  org.springframework.web.servlet.DispatcherServlet - Initializing Servlet 'dispatcherServlet'
2020-03-23 20:30:33 [http-nio-8080-exec-2] INFO  org.springframework.web.servlet.DispatcherServlet - Completed initialization in 8 ms
2020-03-23 20:31:22 [Thread-6] INFO  o.s.scheduling.concurrent.ThreadPoolTaskExecutor - Shutting down ExecutorService 'applicationTaskExecutor'
2020-03-23 20:31:34 [main] INFO  c.i.quickspringboot.QuickSpringbootApplication - Starting QuickSpringbootApplication on DESKTOP-9KUGMOC with PID 18608 (C:\source\github\quick-springboot\target\classes started by xiadong in C:\source\github\quick-springboot)
2020-03-23 20:31:34 [main] INFO  c.i.quickspringboot.QuickSpringbootApplication - No active profile set, falling back to default profiles: default
2020-03-23 20:31:35 [main] INFO  o.s.boot.web.embedded.tomcat.TomcatWebServer - Tomcat initialized with port(s): 8080 (http)
2020-03-23 20:31:35 [main] INFO  org.apache.coyote.http11.Http11NioProtocol - Initializing ProtocolHandler ["http-nio-8080"]
2020-03-23 20:31:35 [main] INFO  org.apache.catalina.core.StandardService - Starting service [Tomcat]
2020-03-23 20:31:35 [main] INFO  org.apache.catalina.core.StandardEngine - Starting Servlet engine: [Apache Tomcat/9.0.31]
2020-03-23 20:31:36 [main] INFO  o.a.c.core.ContainerBase.[Tomcat].[localhost].[/] - Initializing Spring embedded WebApplicationContext
2020-03-23 20:31:36 [main] INFO  org.springframework.web.context.ContextLoader - Root WebApplicationContext: initialization completed in 1604 ms
2020-03-23 20:31:36 [main] INFO  o.s.scheduling.concurrent.ThreadPoolTaskExecutor - Initializing ExecutorService 'applicationTaskExecutor'
2020-03-23 20:31:36 [main] INFO  org.apache.coyote.http11.Http11NioProtocol - Starting ProtocolHandler ["http-nio-8080"]
2020-03-23 20:31:36 [main] INFO  o.s.boot.web.embedded.tomcat.TomcatWebServer - Tomcat started on port(s): 8080 (http) with context path ''
2020-03-23 20:31:36 [main] INFO  c.i.quickspringboot.QuickSpringbootApplication - Started QuickSpringbootApplication in 3.355 seconds (JVM running for 6.003)
2020-03-23 20:31:46 [http-nio-8080-exec-2] INFO  o.a.c.core.ContainerBase.[Tomcat].[localhost].[/] - Initializing Spring DispatcherServlet 'dispatcherServlet'
2020-03-23 20:31:46 [http-nio-8080-exec-2] INFO  org.springframework.web.servlet.DispatcherServlet - Initializing Servlet 'dispatcherServlet'
2020-03-23 20:31:46 [http-nio-8080-exec-2] INFO  org.springframework.web.servlet.DispatcherServlet - Completed initialization in 9 ms
2020-03-23 20:33:57 [Thread-7] INFO  o.s.scheduling.concurrent.ThreadPoolTaskExecutor - Shutting down ExecutorService 'applicationTaskExecutor'
